{"C:\\Users\\91745\\Desktop\\altcampus\\Advanced-javascript\\Test-With-Jest\\add.js": {"path":"C:\\Users\\91745\\Desktop\\altcampus\\Advanced-javascript\\Test-With-Jest\\add.js","statementMap":{"0":{"start":{"line":2,"column":1},"end":{"line":2,"column":11}},"1":{"start":{"line":5,"column":0},"end":{"line":5,"column":18}}},"fnMap":{"0":{"name":"add","decl":{"start":{"line":1,"column":9},"end":{"line":1,"column":12}},"loc":{"start":{"line":1,"column":17},"end":{"line":3,"column":1}},"line":1}},"branchMap":{},"s":{"0":3,"1":1},"f":{"0":3},"b":{},"_coverageSchema":"1a1c01bbd47fc00a2c39e90264f33305004495a9","hash":"eb8cb3ff63dd62a21447c60f6dc5cde8b2d448ed"}
,"C:\\Users\\91745\\Desktop\\altcampus\\Advanced-javascript\\Test-With-Jest\\cloneObject.js": {"path":"C:\\Users\\91745\\Desktop\\altcampus\\Advanced-javascript\\Test-With-Jest\\cloneObject.js","statementMap":{"0":{"start":{"line":2,"column":4},"end":{"line":2,"column":19}},"1":{"start":{"line":5,"column":0},"end":{"line":5,"column":21}}},"fnMap":{"0":{"name":"clone","decl":{"start":{"line":1,"column":9},"end":{"line":1,"column":14}},"loc":{"start":{"line":1,"column":19},"end":{"line":3,"column":1}},"line":1}},"branchMap":{},"s":{"0":1,"1":1},"f":{"0":1},"b":{},"_coverageSchema":"1a1c01bbd47fc00a2c39e90264f33305004495a9","hash":"4f476a1c2030e74345886a22afc238faa8512e5e"}
,"C:\\Users\\91745\\Desktop\\altcampus\\Advanced-javascript\\Test-With-Jest\\sub.js": {"path":"C:\\Users\\91745\\Desktop\\altcampus\\Advanced-javascript\\Test-With-Jest\\sub.js","statementMap":{"0":{"start":{"line":2,"column":4},"end":{"line":2,"column":14}},"1":{"start":{"line":5,"column":0},"end":{"line":5,"column":18}}},"fnMap":{"0":{"name":"sub","decl":{"start":{"line":1,"column":9},"end":{"line":1,"column":12}},"loc":{"start":{"line":1,"column":17},"end":{"line":3,"column":1}},"line":1}},"branchMap":{},"s":{"0":2,"1":1},"f":{"0":2},"b":{},"_coverageSchema":"1a1c01bbd47fc00a2c39e90264f33305004495a9","hash":"1cd432724b738ac58ad73048fd65342756adb9ab"}
}
